<?xml version="1.0" encoding="UTF-8"?>
<!-- Generated by org.testng.reporters.JUnitReportReporter -->
<testsuite hostname="T440p" failures="0" tests="1" name="SignInUptTest" time="23.436" errors="0" timestamp="2021-10-12T16:58:58 CEST" skipped="0">
  <testcase classname="SignInUptTest" name="signIn" time="23.436"/>
  <system-out/>
</testsuite> <!-- SignInUptTest -->
