<?xml version="1.0" encoding="UTF-8"?>
<!-- Generated by org.testng.reporters.JUnitReportReporter -->
<testsuite hostname="T440p" failures="0" tests="5" name="TetsReports" time="0.022" errors="0" timestamp="2021-10-14T16:36:36 CEST" skipped="0">
  <testcase classname="TetsReports" name="SignUpTest" time="0.003"/>
  <system-out/>
  <testcase classname="TetsReports" name="BrowserTest" time="0.011"/>
  <system-out/>
  <testcase classname="TetsReports" name="FileUpload" time="0.003"/>
  <system-out/>
  <testcase classname="TetsReports" name="Searchfiltercriteria" time="0.002"/>
  <system-out/>
  <testcase classname="TetsReports" name="SignInTest" time="0.003"/>
  <system-out/>
</testsuite> <!-- TetsReports -->
