<?xml version="1.0" encoding="UTF-8"?>
<!-- Generated by org.testng.reporters.JUnitReportReporter -->
<testsuite hostname="T440p" failures="0" tests="1" name="SignInTest" time="24.591" errors="0" timestamp="2021-10-14T16:27:34 CEST" skipped="0">
  <testcase classname="SignInTest" name="signIn" time="24.591"/>
  <system-out/>
</testsuite> <!-- SignInTest -->
