<?xml version="1.0" encoding="UTF-8"?>
<!-- Generated by org.testng.reporters.JUnitReportReporter -->
<testsuite hostname="T440p" failures="0" tests="1" name="FileUpload" time="39.224" errors="0" timestamp="2021-10-14T16:33:02 CEST" skipped="0">
  <testcase classname="FileUpload" name="checkrows" time="39.224"/>
  <system-out/>
</testsuite> <!-- FileUpload -->
