<?xml version="1.0" encoding="UTF-8"?>
<!-- Generated by org.testng.reporters.JUnitReportReporter -->
<testsuite hostname="T440p" failures="0" tests="1" name="CheckTableRows" time="46.805" errors="0" timestamp="2021-10-14T12:43:35 CEST" skipped="0">
  <testcase classname="CheckTableRows" name="checkrows" time="46.805"/>
  <system-out/>
</testsuite> <!-- CheckTableRows -->
