<?xml version="1.0" encoding="UTF-8"?>
<!-- Generated by org.testng.reporters.JUnitReportReporter -->
<testsuite hostname="T440p" failures="0" tests="1" name="BrowserTest" time="11.007" errors="0" timestamp="2021-10-12T10:01:53 CEST" skipped="0">
  <testcase classname="BrowserTest" name="websiteSearch" time="11.007"/>
  <system-out/>
</testsuite> <!-- BrowserTest -->
