<?xml version="1.0" encoding="UTF-8"?>
<!-- Generated by org.testng.reporters.JUnitReportReporter -->
<testsuite hostname="T440p" failures="0" tests="1" name="SignInTestTest" time="18.569" errors="0" timestamp="2021-10-12T15:48:03 CEST" skipped="0">
  <testcase classname="SignInTestTest" name="signIn" time="18.569"/>
  <system-out/>
</testsuite> <!-- SignInTestTest -->
